\BOOKMARK [1][-]{section.1}{\376\377\004\036\004\077\004\070\004\101\004\060\004\075\004\070\004\065}{}% 1
\BOOKMARK [2][-]{subsection.1.1}{\376\377\004\034\004\065\004\102\004\076\004\064\000\040\000k\000-\004\061\004\073\004\070\004\066\004\060\004\071\004\110\004\070\004\105\000\040\004\101\004\076\004\101\004\065\004\064\004\065\004\071}{section.1}% 2
\BOOKMARK [2][-]{subsection.1.2}{\376\377\004\033\004\076\004\063\004\070\004\101\004\102\004\070\004\107\004\065\004\101\004\072\004\060\004\117\000\040\004\100\004\065\004\063\004\100\004\065\004\101\004\101\004\070\004\117}{section.1}% 3
\BOOKMARK [2][-]{subsection.1.3}{\376\377\004\034\004\065\004\102\004\076\004\064\000\040\004\076\004\077\004\076\004\100\004\075\004\113\004\105\000\040\004\062\004\065\004\072\004\102\004\076\004\100\004\076\004\062}{section.1}% 4
\BOOKMARK [2][-]{subsection.1.4}{\376\377\004\035\004\060\004\070\004\062\004\075\004\113\004\071\000\040\004\061\004\060\004\071\004\065\004\101\004\076\004\062\004\101\004\072\004\070\004\071\000\040\004\072\004\073\004\060\004\101\004\101\004\070\004\104\004\070\004\072\004\060\004\102\004\076\004\100}{section.1}% 5
\BOOKMARK [2][-]{subsection.1.5}{\376\377\004\037\004\076\004\064\004\061\004\076\004\100\000\040\004\063\004\070\004\077\004\065\004\100\004\077\004\060\004\100\004\060\004\074\004\065\004\102\004\100\004\076\004\062}{section.1}% 6
\BOOKMARK [1][-]{section.2}{\376\377\004\040\004\065\004\067\004\103\004\073\004\114\004\102\004\060\004\102\004\113\000\040\004\074\004\076\004\064\004\065\004\073\004\065\004\071}{}% 7
\BOOKMARK [2][-]{subsection.2.1}{\376\377\004\034\004\065\004\102\004\076\004\064\000\040\000k\000-\004\061\004\073\004\070\004\066\004\060\004\071\004\110\004\070\004\105\000\040\004\101\004\076\004\101\004\065\004\064\004\065\004\071}{section.2}% 8
\BOOKMARK [3][-]{subsubsection.2.1.1}{\376\377\000k\000N\000N}{subsection.2.1}% 9
\BOOKMARK [3][-]{subsubsection.2.1.2}{\376\377\000s\000k\000l\000e\000a\000r\000n\000.\000n\000e\000i\000g\000h\000b\000o\000r\000s\000.\000K\000N\000e\000i\000g\000h\000b\000o\000r\000s\000C\000l\000a\000s\000s\000i\000f\000i\000e\000r}{subsection.2.1}% 10
\BOOKMARK [2][-]{subsection.2.2}{\376\377\004\033\004\076\004\063\004\070\004\101\004\102\004\070\004\107\004\065\004\101\004\072\004\060\004\117\000\040\004\100\004\065\004\063\004\100\004\065\004\101\004\101\004\070\004\117}{section.2}% 11
\BOOKMARK [3][-]{subsubsection.2.2.1}{\376\377\000L\000o\000g\000i\000s\000t\000i\000c\000R\000e\000g\000r\000e\000s\000s\000i\000o\000n}{subsection.2.2}% 12
\BOOKMARK [3][-]{subsubsection.2.2.2}{\376\377\000s\000k\000l\000e\000a\000r\000n\000.\000l\000i\000n\000e\000a\000r\000\137\000m\000o\000d\000e\000l\000.\000L\000o\000g\000i\000s\000t\000i\000c\000R\000e\000g\000r\000e\000s\000s\000i\000o\000n}{subsection.2.2}% 13
\BOOKMARK [2][-]{subsection.2.3}{\376\377\004\034\004\065\004\102\004\076\004\064\000\040\004\076\004\077\004\076\004\100\004\075\004\113\004\105\000\040\004\062\004\065\004\072\004\102\004\076\004\100\004\076\004\062}{section.2}% 14
\BOOKMARK [3][-]{subsubsection.2.3.1}{\376\377\000S\000V\000M}{subsection.2.3}% 15
\BOOKMARK [3][-]{subsubsection.2.3.2}{\376\377\000s\000k\000l\000e\000a\000r\000n\000.\000s\000v\000m\000.\000L\000i\000n\000e\000a\000r\000S\000V\000C}{subsection.2.3}% 16
\BOOKMARK [2][-]{subsection.2.4}{\376\377\004\035\004\060\004\070\004\062\004\075\004\113\004\071\000\040\004\061\004\060\004\071\004\065\004\101\004\076\004\062\004\101\004\072\004\070\004\071\000\040\004\072\004\073\004\060\004\101\004\101\004\070\004\104\004\070\004\072\004\060\004\102\004\076\004\100}{section.2}% 17
\BOOKMARK [3][-]{subsubsection.2.4.1}{\376\377\000N\000a\000i\000v\000e\000B\000a\000y\000e\000s}{subsection.2.4}% 18
\BOOKMARK [3][-]{subsubsection.2.4.2}{\376\377\000s\000k\000l\000e\000a\000r\000n\000.\000n\000a\000i\000v\000e\000\137\000b\000a\000y\000e\000s\000.\000G\000a\000u\000s\000s\000i\000a\000n\000N\000B}{subsection.2.4}% 19
\BOOKMARK [2][-]{subsection.2.5}{\376\377\004\040\004\060\004\067\004\064\004\065\004\073\004\117\004\116\004\111\004\060\004\117\000\040\004\077\004\100\004\117\004\074\004\060\004\117\000\040\004\064\004\073\004\117\000\040\004\074\004\065\004\102\004\076\004\064\004\060\000\040\004\076\004\077\004\076\004\100\004\075\004\113\004\105\000\040\004\062\004\065\004\072\004\102\004\076\004\100\004\076\004\062}{section.2}% 20
\BOOKMARK [3][-]{subsubsection.2.5.1}{\376\377\004\034\004\076\004\117\000\040\004\100\004\065\004\060\004\073\004\070\004\067\004\060\004\106\004\070\004\117}{subsection.2.5}% 21
\BOOKMARK [3][-]{subsubsection.2.5.2}{\376\377\000s\000k\000l\000e\000a\000r\000n\000.\000s\000v\000m\000.\000L\000i\000n\000e\000a\000r\000S\000V\000C}{subsection.2.5}% 22
\BOOKMARK [1][-]{section.3}{\376\377\004\022\004\113\004\062\004\076\004\064\004\113}{}% 23
